timestamp: 2015-10-24T16:23:36.024000
CREATE TABLE auth_user(
    id INTEGER PRIMARY KEY AUTOINCREMENT,
    first_name CHAR(128),
    last_name CHAR(128),
    email CHAR(512),
    password CHAR(512),
    registration_key CHAR(512),
    reset_password_key CHAR(512),
    registration_id CHAR(512)
);
success!
timestamp: 2015-10-24T16:23:36.165000
CREATE TABLE auth_group(
    id INTEGER PRIMARY KEY AUTOINCREMENT,
    role CHAR(512),
    description TEXT
);
success!
timestamp: 2015-10-24T16:23:36.274000
CREATE TABLE auth_membership(
    id INTEGER PRIMARY KEY AUTOINCREMENT,
    user_id INTEGER REFERENCES auth_user (id) ON DELETE CASCADE  ,
    group_id INTEGER REFERENCES auth_group (id) ON DELETE CASCADE  
);
success!
timestamp: 2015-10-24T16:23:36.385000
CREATE TABLE auth_permission(
    id INTEGER PRIMARY KEY AUTOINCREMENT,
    group_id INTEGER REFERENCES auth_group (id) ON DELETE CASCADE  ,
    name CHAR(512),
    table_name CHAR(512),
    record_id INTEGER
);
success!
timestamp: 2015-10-24T16:23:36.509000
CREATE TABLE auth_event(
    id INTEGER PRIMARY KEY AUTOINCREMENT,
    time_stamp TIMESTAMP,
    client_ip CHAR(512),
    user_id INTEGER REFERENCES auth_user (id) ON DELETE CASCADE  ,
    origin CHAR(512),
    description TEXT
);
success!
timestamp: 2015-10-24T16:23:36.620000
CREATE TABLE auth_cas(
    id INTEGER PRIMARY KEY AUTOINCREMENT,
    user_id INTEGER REFERENCES auth_user (id) ON DELETE CASCADE  ,
    created_on TIMESTAMP,
    service CHAR(512),
    ticket CHAR(512),
    renew CHAR(1)
);
success!
timestamp: 2015-10-25T00:00:36.613000
CREATE TABLE bulletin_boards(
    id INTEGER PRIMARY KEY AUTOINCREMENT,
    title CHAR(512),
    description CHAR(512)
);
success!
timestamp: 2015-10-25T00:13:28.017000
ALTER TABLE bulletin_boards ADD created_on TIMESTAMP;
success!
success!
success!
success!
success!
timestamp: 2015-10-25T01:05:14.314000
ALTER TABLE bulletin_boards ADD user_id INTEGER REFERENCES auth_user (id) ON DELETE CASCADE  ;
success!
timestamp: 2015-10-25T17:03:24.835000
CREATE TABLE comments(
    id INTEGER PRIMARY KEY AUTOINCREMENT
);
success!
timestamp: 2015-10-25T20:05:13.357000
ALTER TABLE comments ADD reply TEXT;
timestamp: 2015-10-25T20:05:13.545000
ALTER TABLE comments ADD created_on TIMESTAMP;
timestamp: 2015-10-25T20:05:13.623000
ALTER TABLE comments ADD user_id INTEGER REFERENCES auth_user (id) ON DELETE CASCADE  ;
timestamp: 2015-10-25T20:05:13.738000
ALTER TABLE comments ADD bulletin_board INTEGER REFERENCES bulletin_boards (id) ON DELETE CASCADE  ;
success!
timestamp: 2015-10-25T20:35:25.968000
CREATE TABLE posts(
    id INTEGER PRIMARY KEY AUTOINCREMENT,
    title CHAR(512),
    description TEXT,
    created_on TIMESTAMP,
    bulletin_board INTEGER REFERENCES bulletin_boards (id) ON DELETE CASCADE  ,
    user_id INTEGER REFERENCES auth_user (id) ON DELETE CASCADE  
);
success!
timestamp: 2015-10-26T23:03:53.799000
CREATE TABLE auth_user(
    id INTEGER PRIMARY KEY AUTOINCREMENT,
    first_name CHAR(128),
    last_name CHAR(128),
    email CHAR(512),
    password CHAR(512),
    registration_key CHAR(512),
    reset_password_key CHAR(512),
    registration_id CHAR(512)
);
